<?xml version="1.0" encoding="UTF-8"?>
<Site BuildName="Linux-c++"
	BuildStamp="20251219-0746-Experimental"
	Name="codespaces-c3b2d5"
	Generator="ctest-3.28.3"
	CompilerName="/usr/bin/c++"
	CompilerVersion="13.3.0"
	OSName="Linux"
	Hostname="codespaces-c3b2d5"
	OSRelease="6.8.0-1030-azure"
	OSVersion="#35~22.04.1-Ubuntu SMP Mon May 26 18:08:30 UTC 2025"
	OSPlatform="x86_64"
	Is64Bits="1"
	VendorString="GenuineIntel"
	VendorID="Intel Corporation"
	FamilyID="6"
	ModelID="106"
	ProcessorCacheSize="49152"
	NumberOfLogicalCPU="2"
	NumberOfPhysicalCPU="1"
	TotalVirtualMemory="0"
	TotalPhysicalMemory="7943"
	LogicalProcessorsPerPhysical="2"
	ProcessorClockFrequency="3391.93"
	>
	<Testing>
		<StartDateTime>Dec 19 08:01 UTC</StartDateTime>
		<StartTestTime>1766131318</StartTestTime>
		<TestList/>
		<EndDateTime>Dec 19 08:01 UTC</EndDateTime>
		<EndTestTime>1766131318</EndTestTime>
		<ElapsedMinutes>0</ElapsedMinutes>
	</Testing>
</Site>
